<?xml version="1.0" encoding="UTF-8" ?>
<testsuite failures="0" time="0.328" errors="0" skipped="0" tests="2" name="controller.date.display.categoryProduct.ListProductCategoryTest">
  <properties>
[...]
</properties>
  <testcase time="0.307" classname="controller.date.display.categoryProduct.ListProductCategoryTest" name="testGetAllProductsCategoryElements"/>
  <testcase time="0.001" classname="controller.date.display.categoryProduct.ListProductCategoryTest" name="testGetProductsCategoryGrouped"/>
</testsuite>